2020-03-05 09:28:31.459  INFO 2255 --- [main] c.t.t.TaskManagementApplication          : Starting TaskManagementApplication on MB-1040 with PID 2255 (started by cudeze in /Volumes/GoogleDrive/My Drive/A&C Int USA/Software Development/Task Management Project/task-management)
2020-03-05 09:28:31.486 DEBUG 2255 --- [main] c.t.t.TaskManagementApplication          : Running with Spring Boot v2.2.5.RELEASE, Spring v5.2.4.RELEASE
2020-03-05 09:28:31.487  INFO 2255 --- [main] c.t.t.TaskManagementApplication          : No active profile set, falling back to default profiles: default
2020-03-05 09:28:32.599  INFO 2255 --- [main] .s.d.r.c.RepositoryConfigurationDelegate : Bootstrapping Spring Data JPA repositories in DEFAULT mode.
2020-03-05 09:28:32.705  INFO 2255 --- [main] .s.d.r.c.RepositoryConfigurationDelegate : Finished Spring Data repository scanning in 93ms. Found 1 JPA repository interfaces.
2020-03-05 09:28:33.237  INFO 2255 --- [main] o.s.b.w.embedded.tomcat.TomcatWebServer  : Tomcat initialized with port(s): 8080 (http)
2020-03-05 09:28:33.244  INFO 2255 --- [main] o.apache.catalina.core.StandardService   : Starting service [Tomcat]
2020-03-05 09:28:33.244  INFO 2255 --- [main] org.apache.catalina.core.StandardEngine  : Starting Servlet engine: [Apache Tomcat/9.0.31]
2020-03-05 09:28:33.342  INFO 2255 --- [main] o.a.c.c.C.[Tomcat].[localhost].[/]       : Initializing Spring embedded WebApplicationContext
2020-03-05 09:28:33.343  INFO 2255 --- [main] o.s.web.context.ContextLoader            : Root WebApplicationContext: initialization completed in 1765 ms
2020-03-05 09:28:33.465  INFO 2255 --- [main] com.zaxxer.hikari.HikariDataSource       : HikariPool-1 - Starting...
2020-03-05 09:28:33.609  INFO 2255 --- [main] com.zaxxer.hikari.HikariDataSource       : HikariPool-1 - Start completed.
2020-03-05 09:28:33.628  INFO 2255 --- [main] o.s.b.a.h2.H2ConsoleAutoConfiguration    : H2 console available at '/h2'. Database available at 'jdbc:h2:~/test'
2020-03-05 09:28:33.896  INFO 2255 --- [main] o.hibernate.jpa.internal.util.LogHelper  : HHH000204: Processing PersistenceUnitInfo [name: default]
2020-03-05 09:28:34.000  INFO 2255 --- [main] org.hibernate.Version                    : HHH000412: Hibernate ORM core version 5.4.12.Final
2020-03-05 09:28:34.159  INFO 2255 --- [main] o.hibernate.annotations.common.Version   : HCANN000001: Hibernate Commons Annotations {5.1.0.Final}
2020-03-05 09:28:34.334  INFO 2255 --- [main] org.hibernate.dialect.Dialect            : HHH000400: Using dialect: org.hibernate.dialect.H2Dialect
2020-03-05 09:28:34.975  INFO 2255 --- [main] o.h.e.t.j.p.i.JtaPlatformInitiator       : HHH000490: Using JtaPlatform implementation: [org.hibernate.engine.transaction.jta.platform.internal.NoJtaPlatform]
2020-03-05 09:28:34.987  INFO 2255 --- [main] j.LocalContainerEntityManagerFactoryBean : Initialized JPA EntityManagerFactory for persistence unit 'default'
2020-03-05 09:28:35.201 DEBUG 2255 --- [main] c.t.t.config.PersistenceConfig           : Project Configuration >> Configuring BeanA
2020-03-05 09:28:35.251  WARN 2255 --- [main] JpaBaseConfiguration$JpaWebConfiguration : spring.jpa.open-in-view is enabled by default. Therefore, database queries may be performed during view rendering. Explicitly configure spring.jpa.open-in-view to disable this warning
2020-03-05 09:28:35.381  INFO 2255 --- [main] o.s.s.concurrent.ThreadPoolTaskExecutor  : Initializing ExecutorService 'applicationTaskExecutor'
2020-03-05 09:28:35.669  INFO 2255 --- [main] o.s.b.a.e.web.EndpointLinksResolver      : Exposing 2 endpoint(s) beneath base path '/monitoring'
2020-03-05 09:28:35.752  INFO 2255 --- [main] o.s.b.w.embedded.tomcat.TomcatWebServer  : Tomcat started on port(s): 8080 (http) with context path ''
2020-03-05 09:28:35.763  INFO 2255 --- [main] c.t.t.TaskManagementApplication          : Started TaskManagementApplication in 4.756 seconds (JVM running for 5.368)
2020-03-05 09:28:35.872  INFO 2255 --- [RMI TCP Connection(1)-10.60.200.78] o.a.c.c.C.[Tomcat].[localhost].[/]       : Initializing Spring DispatcherServlet 'dispatcherServlet'
2020-03-05 09:28:35.873  INFO 2255 --- [RMI TCP Connection(1)-10.60.200.78] o.s.web.servlet.DispatcherServlet        : Initializing Servlet 'dispatcherServlet'
2020-03-05 09:28:35.882  INFO 2255 --- [RMI TCP Connection(1)-10.60.200.78] o.s.web.servlet.DispatcherServlet        : Completed initialization in 8 ms
2020-03-05 09:28:41.270  INFO 2255 --- [SpringContextShutdownHook] o.s.s.concurrent.ThreadPoolTaskExecutor  : Shutting down ExecutorService 'applicationTaskExecutor'
2020-03-05 09:28:41.271  INFO 2255 --- [SpringContextShutdownHook] j.LocalContainerEntityManagerFactoryBean : Closing JPA EntityManagerFactory for persistence unit 'default'
2020-03-05 09:28:41.275  INFO 2255 --- [SpringContextShutdownHook] com.zaxxer.hikari.HikariDataSource       : HikariPool-1 - Shutdown initiated...
2020-03-05 09:28:41.371  INFO 2255 --- [SpringContextShutdownHook] com.zaxxer.hikari.HikariDataSource       : HikariPool-1 - Shutdown completed.
2020-03-05 09:31:43.593  INFO 2330 --- [main] c.t.t.TaskManagementApplication          : Starting TaskManagementApplication on MB-1040 with PID 2330 (started by cudeze in /Volumes/GoogleDrive/My Drive/A&C Int USA/Software Development/Task Management Project/task-management)
2020-03-05 09:31:43.597 DEBUG 2330 --- [main] c.t.t.TaskManagementApplication          : Running with Spring Boot v2.2.5.RELEASE, Spring v5.2.4.RELEASE
2020-03-05 09:31:43.598  INFO 2330 --- [main] c.t.t.TaskManagementApplication          : No active profile set, falling back to default profiles: default
2020-03-05 09:31:44.466  INFO 2330 --- [main] .s.d.r.c.RepositoryConfigurationDelegate : Bootstrapping Spring Data JPA repositories in DEFAULT mode.
2020-03-05 09:31:44.540  INFO 2330 --- [main] .s.d.r.c.RepositoryConfigurationDelegate : Finished Spring Data repository scanning in 62ms. Found 1 JPA repository interfaces.
2020-03-05 09:31:45.090  INFO 2330 --- [main] o.s.b.w.embedded.tomcat.TomcatWebServer  : Tomcat initialized with port(s): 8080 (http)
2020-03-05 09:31:45.100  INFO 2330 --- [main] o.apache.catalina.core.StandardService   : Starting service [Tomcat]
2020-03-05 09:31:45.101  INFO 2330 --- [main] org.apache.catalina.core.StandardEngine  : Starting Servlet engine: [Apache Tomcat/9.0.31]
2020-03-05 09:31:45.224  INFO 2330 --- [main] o.a.c.c.C.[Tomcat].[localhost].[/]       : Initializing Spring embedded WebApplicationContext
2020-03-05 09:31:45.225  INFO 2330 --- [main] o.s.web.context.ContextLoader            : Root WebApplicationContext: initialization completed in 1588 ms
2020-03-05 09:31:45.363  INFO 2330 --- [main] com.zaxxer.hikari.HikariDataSource       : HikariPool-1 - Starting...
2020-03-05 09:31:45.543  INFO 2330 --- [main] com.zaxxer.hikari.HikariDataSource       : HikariPool-1 - Start completed.
2020-03-05 09:31:45.562  INFO 2330 --- [main] o.s.b.a.h2.H2ConsoleAutoConfiguration    : H2 console available at '/h2'. Database available at 'jdbc:h2:~/test'
2020-03-05 09:31:45.894  INFO 2330 --- [main] o.hibernate.jpa.internal.util.LogHelper  : HHH000204: Processing PersistenceUnitInfo [name: default]
2020-03-05 09:31:45.996  INFO 2330 --- [main] org.hibernate.Version                    : HHH000412: Hibernate ORM core version 5.4.12.Final
2020-03-05 09:31:46.282  INFO 2330 --- [main] o.hibernate.annotations.common.Version   : HCANN000001: Hibernate Commons Annotations {5.1.0.Final}
2020-03-05 09:31:46.446  INFO 2330 --- [main] org.hibernate.dialect.Dialect            : HHH000400: Using dialect: org.hibernate.dialect.H2Dialect
2020-03-05 09:31:47.288  INFO 2330 --- [main] o.h.e.t.j.p.i.JtaPlatformInitiator       : HHH000490: Using JtaPlatform implementation: [org.hibernate.engine.transaction.jta.platform.internal.NoJtaPlatform]
2020-03-05 09:31:47.296  INFO 2330 --- [main] j.LocalContainerEntityManagerFactoryBean : Initialized JPA EntityManagerFactory for persistence unit 'default'
2020-03-05 09:31:47.521 DEBUG 2330 --- [main] c.t.t.config.PersistenceConfig           : Project Configuration >> Configuring BeanA
2020-03-05 09:31:47.568  WARN 2330 --- [main] JpaBaseConfiguration$JpaWebConfiguration : spring.jpa.open-in-view is enabled by default. Therefore, database queries may be performed during view rendering. Explicitly configure spring.jpa.open-in-view to disable this warning
2020-03-05 09:31:47.701  INFO 2330 --- [main] o.s.s.concurrent.ThreadPoolTaskExecutor  : Initializing ExecutorService 'applicationTaskExecutor'
2020-03-05 09:31:47.975  INFO 2330 --- [main] o.s.b.a.e.web.EndpointLinksResolver      : Exposing 2 endpoint(s) beneath base path '/monitoring'
2020-03-05 09:31:48.035  INFO 2330 --- [main] o.s.b.w.embedded.tomcat.TomcatWebServer  : Tomcat started on port(s): 8080 (http) with context path ''
2020-03-05 09:31:48.040  INFO 2330 --- [main] c.t.t.TaskManagementApplication          : Started TaskManagementApplication in 4.775 seconds (JVM running for 5.245)
2020-03-05 09:31:48.579  INFO 2330 --- [RMI TCP Connection(1)-10.60.200.78] o.a.c.c.C.[Tomcat].[localhost].[/]       : Initializing Spring DispatcherServlet 'dispatcherServlet'
2020-03-05 09:31:48.580  INFO 2330 --- [RMI TCP Connection(1)-10.60.200.78] o.s.web.servlet.DispatcherServlet        : Initializing Servlet 'dispatcherServlet'
2020-03-05 09:31:48.591  INFO 2330 --- [RMI TCP Connection(1)-10.60.200.78] o.s.web.servlet.DispatcherServlet        : Completed initialization in 10 ms
2020-03-05 09:38:41.185  INFO 2330 --- [SpringContextShutdownHook] o.s.s.concurrent.ThreadPoolTaskExecutor  : Shutting down ExecutorService 'applicationTaskExecutor'
2020-03-05 09:38:41.187  INFO 2330 --- [SpringContextShutdownHook] j.LocalContainerEntityManagerFactoryBean : Closing JPA EntityManagerFactory for persistence unit 'default'
2020-03-05 09:38:41.193  INFO 2330 --- [SpringContextShutdownHook] com.zaxxer.hikari.HikariDataSource       : HikariPool-1 - Shutdown initiated...
2020-03-05 09:38:41.218  INFO 2330 --- [SpringContextShutdownHook] com.zaxxer.hikari.HikariDataSource       : HikariPool-1 - Shutdown completed.
